Fri May 20 17:10:20 IST 2011 : Apache Derby Network Server - 10.7.1.1 - (1040133) started and ready to accept connections on port 1527
----------------------------------------------------------------
Fri May 20 17:10:31 IST 2011:
Booting Derby version The Apache Software Foundation - Apache Derby - 10.7.1.1 - (1040133): instance a816c00e-0130-0d34-c57a-00000000002e 
on database directory C:\Projects\DentAssist\DentAssist  with class loader sun.misc.Launcher$AppClassLoader@11b86e7 
Loaded from file:/C:/eclipse/eclipse/plugins/org.apache.derby.core_10.7.1/derby.jar
java.vendor=Sun Microsystems Inc.
java.runtime.version=1.6.0_24-b07
Database Class Loader started - derby.database.classpath=''
----------------------------------------------------------------
Fri May 20 17:10:40 IST 2011:
Shutting down instance a816c00e-0130-0d34-c57a-00000000002e on database directory C:\Projects\DentAssist\DentAssist with class loader sun.misc.Launcher$AppClassLoader@11b86e7 
Fri May 20 17:10:40 IST 2011 Thread[DRDAConnThread_4,5,main] (DATABASE = DentAssist), (DRDAID = {2}), Database 'DentAssist' shutdown.
----------------------------------------------------------------
Fri May 20 17:10:49 IST 2011:
Booting Derby version The Apache Software Foundation - Apache Derby - 10.7.1.1 - (1040133): instance 23ce809c-0130-0d34-c57a-00000000002e 
on database directory C:\Projects\DentAssist\DentAssist  with class loader sun.misc.Launcher$AppClassLoader@11b86e7 
Loaded from file:/C:/eclipse/eclipse/plugins/org.apache.derby.core_10.7.1/derby.jar
java.vendor=Sun Microsystems Inc.
java.runtime.version=1.6.0_24-b07
Database Class Loader started - derby.database.classpath=''
----------------------------------------------------------------
Fri May 20 17:10:49 IST 2011:
Shutting down instance 23ce809c-0130-0d34-c57a-00000000002e on database directory C:\Projects\DentAssist\DentAssist with class loader sun.misc.Launcher$AppClassLoader@11b86e7 
Fri May 20 17:10:49 IST 2011 Thread[DRDAConnThread_5,5,main] (DATABASE = DentAssist), (DRDAID = {4}), Database 'DentAssist' shutdown.
----------------------------------------------------------------
Fri May 20 17:10:57 IST 2011:
Booting Derby version The Apache Software Foundation - Apache Derby - 10.7.1.1 - (1040133): instance 8c9400a1-0130-0d34-c57a-00000000002e 
on database directory C:\Projects\DentAssist\DentAssist  with class loader sun.misc.Launcher$AppClassLoader@11b86e7 
Loaded from file:/C:/eclipse/eclipse/plugins/org.apache.derby.core_10.7.1/derby.jar
java.vendor=Sun Microsystems Inc.
java.runtime.version=1.6.0_24-b07
Database Class Loader started - derby.database.classpath=''
----------------------------------------------------------------
Fri May 20 17:10:58 IST 2011:
Shutting down instance 8c9400a1-0130-0d34-c57a-00000000002e on database directory C:\Projects\DentAssist\DentAssist with class loader sun.misc.Launcher$AppClassLoader@11b86e7 
Fri May 20 17:10:58 IST 2011 Thread[DRDAConnThread_6,5,main] (DATABASE = DentAssist), (DRDAID = {6}), Database 'DentAssist' shutdown.
----------------------------------------------------------------
Fri May 20 17:11:10 IST 2011:
Booting Derby version The Apache Software Foundation - Apache Derby - 10.7.1.1 - (1040133): instance f55fc0a6-0130-0d34-c57a-00000000002e 
on database directory C:\Projects\DentAssist\DentAssist  with class loader sun.misc.Launcher$AppClassLoader@11b86e7 
Loaded from file:/C:/eclipse/eclipse/plugins/org.apache.derby.core_10.7.1/derby.jar
java.vendor=Sun Microsystems Inc.
java.runtime.version=1.6.0_24-b07
Database Class Loader started - derby.database.classpath=''
----------------------------------------------------------------
Fri May 20 17:11:10 IST 2011:
Shutting down instance f55fc0a6-0130-0d34-c57a-00000000002e on database directory C:\Projects\DentAssist\DentAssist with class loader sun.misc.Launcher$AppClassLoader@11b86e7 
Fri May 20 17:11:10 IST 2011 Thread[DRDAConnThread_7,5,main] (DATABASE = DentAssist), (DRDAID = {8}), Database 'DentAssist' shutdown.
----------------------------------------------------------------
Fri May 20 17:11:27 IST 2011:
Booting Derby version The Apache Software Foundation - Apache Derby - 10.7.1.1 - (1040133): instance 2e31c0ab-0130-0d34-c57a-00000000002e 
on database directory C:\Projects\DentAssist\DentAssist  with class loader sun.misc.Launcher$AppClassLoader@11b86e7 
Loaded from file:/C:/eclipse/eclipse/plugins/org.apache.derby.core_10.7.1/derby.jar
java.vendor=Sun Microsystems Inc.
java.runtime.version=1.6.0_24-b07
Database Class Loader started - derby.database.classpath=''
----------------------------------------------------------------
Fri May 20 17:11:27 IST 2011:
Shutting down instance 2e31c0ab-0130-0d34-c57a-00000000002e on database directory C:\Projects\DentAssist\DentAssist with class loader sun.misc.Launcher$AppClassLoader@11b86e7 
Fri May 20 17:11:27 IST 2011 Thread[DRDAConnThread_8,5,main] (DATABASE = DentAssist), (DRDAID = {10}), Database 'DentAssist' shutdown.
----------------------------------------------------------------
Fri May 20 17:11:36 IST 2011: Shutting down Derby engine
----------------------------------------------------------------
